::1 - - [05/Sep/2015:10:29:56 +0000] "GET / HTTP/1.1" 304 -
::1 - - [05/Sep/2015:10:29:57 +0000] "GET /bower_components/bootstrap/dist/css/bootstrap.min.css HTTP/1.1" 304 -
::1 - - [05/Sep/2015:10:29:57 +0000] "GET /dist/all.min.css HTTP/1.1" 304 -
::1 - - [05/Sep/2015:10:29:57 +0000] "GET /dist/all.min.js HTTP/1.1" 304 -
::1 - - [05/Sep/2015:10:29:57 +0000] "GET /all_articles HTTP/1.1" 304 -
::1 - - [05/Sep/2015:10:29:57 +0000] "GET /images/IMG_0707.JPG HTTP/1.1" 304 -
::1 - - [05/Sep/2015:10:29:57 +0000] "POST /all_articles/page_articles HTTP/1.1" 200 6245
::1 - - [05/Sep/2015:10:30:00 +0000] "POST /all_articles/page_articles HTTP/1.1" 200 4939
::1 - - [05/Sep/2015:10:30:01 +0000] "POST /all_articles/page_articles HTTP/1.1" 200 6965
::1 - - [05/Sep/2015:10:30:04 +0000] "POST /all_articles/page_articles HTTP/1.1" 200 5670
::1 - - [05/Sep/2015:10:30:05 +0000] "POST /all_articles/page_articles HTTP/1.1" 200 6818
::1 - - [05/Sep/2015:10:30:06 +0000] "POST /all_articles/page_articles HTTP/1.1" 200 5670
::1 - - [05/Sep/2015:10:30:07 +0000] "POST /all_articles/page_articles HTTP/1.1" 200 6245
::1 - - [05/Sep/2015:10:30:08 +0000] "POST /all_articles/page_articles HTTP/1.1" 200 4939
::1 - - [05/Sep/2015:10:30:08 +0000] "POST /all_articles/page_articles HTTP/1.1" 200 6965
::1 - - [05/Sep/2015:10:30:22 +0000] "GET / HTTP/1.1" 304 -
::1 - - [05/Sep/2015:10:30:22 +0000] "GET /bower_components/bootstrap/dist/css/bootstrap.min.css HTTP/1.1" 304 -
::1 - - [05/Sep/2015:10:30:22 +0000] "GET /dist/all.min.css HTTP/1.1" 304 -
::1 - - [05/Sep/2015:10:30:22 +0000] "GET /dist/all.min.js HTTP/1.1" 304 -
::1 - - [05/Sep/2015:10:30:22 +0000] "GET /all_articles HTTP/1.1" 304 -
::1 - - [05/Sep/2015:10:30:22 +0000] "GET /images/IMG_0707.JPG HTTP/1.1" 304 -
::1 - - [05/Sep/2015:10:30:23 +0000] "POST /all_articles/page_articles HTTP/1.1" 200 6245
::1 - - [05/Sep/2015:10:30:25 +0000] "POST /all_articles/page_articles HTTP/1.1" 200 4939
::1 - - [05/Sep/2015:10:30:26 +0000] "POST /all_articles/page_articles HTTP/1.1" 200 6965
::1 - - [05/Sep/2015:10:30:26 +0000] "POST /all_articles/page_articles HTTP/1.1" 200 5670
::1 - - [05/Sep/2015:10:30:27 +0000] "POST /all_articles/page_articles HTTP/1.1" 200 6818
::1 - - [05/Sep/2015:10:30:28 +0000] "POST /all_articles/page_articles HTTP/1.1" 200 5670
::1 - - [05/Sep/2015:10:30:29 +0000] "POST /all_articles/page_articles HTTP/1.1" 200 6245
::1 - - [05/Sep/2015:10:34:57 +0000] "GET / HTTP/1.1" 304 -
::1 - - [05/Sep/2015:10:34:58 +0000] "GET /bower_components/bootstrap/dist/css/bootstrap.min.css HTTP/1.1" 304 -
::1 - - [05/Sep/2015:10:34:58 +0000] "GET /dist/all.min.css HTTP/1.1" 304 -
::1 - - [05/Sep/2015:10:34:58 +0000] "GET /dist/all.min.js HTTP/1.1" 304 -
::1 - - [05/Sep/2015:10:34:58 +0000] "GET /all_articles HTTP/1.1" 304 -
::1 - - [05/Sep/2015:10:34:58 +0000] "GET /images/IMG_0707.JPG HTTP/1.1" 304 -
::1 - - [05/Sep/2015:10:34:58 +0000] "POST /all_articles/page_articles HTTP/1.1" 200 6245
::1 - - [05/Sep/2015:10:35:01 +0000] "POST /all_articles/page_articles HTTP/1.1" 200 4939
::1 - - [05/Sep/2015:10:35:02 +0000] "GET /all_articles HTTP/1.1" 304 -
::1 - - [05/Sep/2015:10:35:03 +0000] "POST /all_articles/single_article HTTP/1.1" 200 5195
::1 - - [05/Sep/2015:10:44:30 +0000] "GET / HTTP/1.1" 200 352
::1 - - [05/Sep/2015:10:44:30 +0000] "GET /bower_components/bootstrap/dist/css/bootstrap.min.css HTTP/1.1" 304 -
::1 - - [05/Sep/2015:10:44:30 +0000] "GET /dist/all.min.js HTTP/1.1" 304 -
::1 - - [05/Sep/2015:10:44:30 +0000] "GET /dist/all.min.css HTTP/1.1" 200 9163
::1 - - [05/Sep/2015:10:44:31 +0000] "GET /all_articles HTTP/1.1" 304 -
::1 - - [05/Sep/2015:10:44:31 +0000] "GET /images/IMG_0707.JPG HTTP/1.1" 304 -
::1 - - [05/Sep/2015:10:45:09 +0000] "GET / HTTP/1.1" 304 -
::1 - - [05/Sep/2015:10:45:09 +0000] "GET /bower_components/bootstrap/dist/css/bootstrap.min.css HTTP/1.1" 304 -
::1 - - [05/Sep/2015:10:45:09 +0000] "GET /dist/all.min.css HTTP/1.1" 304 -
::1 - - [05/Sep/2015:10:45:09 +0000] "GET /dist/all.min.js HTTP/1.1" 200 775549
::1 - - [05/Sep/2015:10:45:10 +0000] "GET /all_articles HTTP/1.1" 304 -
::1 - - [05/Sep/2015:10:45:10 +0000] "GET /images/IMG_0707.JPG HTTP/1.1" 304 -
::1 - - [05/Sep/2015:10:45:12 +0000] "GET /all_articles HTTP/1.1" 304 -
::1 - - [05/Sep/2015:10:45:12 +0000] "POST /all_articles/page_articles HTTP/1.1" 200 6245
::1 - - [05/Sep/2015:10:45:13 +0000] "GET /all_articles HTTP/1.1" 304 -
::1 - - [05/Sep/2015:10:45:17 +0000] "GET /all_articles HTTP/1.1" 304 -
::1 - - [05/Sep/2015:10:45:50 +0000] "GET / HTTP/1.1" 304 -
::1 - - [05/Sep/2015:10:45:51 +0000] "GET /bower_components/bootstrap/dist/css/bootstrap.min.css HTTP/1.1" 304 -
::1 - - [05/Sep/2015:10:45:51 +0000] "GET /dist/all.min.css HTTP/1.1" 200 9163
::1 - - [05/Sep/2015:10:45:51 +0000] "GET /dist/all.min.js HTTP/1.1" 200 1112312
::1 - - [05/Sep/2015:10:45:51 +0000] "GET /all_articles HTTP/1.1" 304 -
::1 - - [05/Sep/2015:10:45:51 +0000] "GET /images/IMG_0707.JPG HTTP/1.1" 304 -
::1 - - [05/Sep/2015:10:46:12 +0000] "GET / HTTP/1.1" 304 -
::1 - - [05/Sep/2015:10:46:12 +0000] "GET /bower_components/bootstrap/dist/css/bootstrap.min.css HTTP/1.1" 304 -
::1 - - [05/Sep/2015:10:46:12 +0000] "GET /dist/all.min.css HTTP/1.1" 304 -
::1 - - [05/Sep/2015:10:46:12 +0000] "GET /dist/all.min.js HTTP/1.1" 304 -
::1 - - [05/Sep/2015:10:46:13 +0000] "GET /images/IMG_0707.JPG HTTP/1.1" 304 -
::1 - - [05/Sep/2015:10:54:24 +0000] "GET / HTTP/1.1" 304 -
::1 - - [05/Sep/2015:10:54:24 +0000] "GET /bower_components/bootstrap/dist/css/bootstrap.min.css HTTP/1.1" 304 -
::1 - - [05/Sep/2015:10:54:24 +0000] "GET /dist/all.min.css HTTP/1.1" 304 -
::1 - - [05/Sep/2015:10:54:24 +0000] "GET /dist/all.min.js HTTP/1.1" 304 -
::1 - - [05/Sep/2015:10:54:25 +0000] "GET /images/IMG_0707.JPG HTTP/1.1" 304 -
::1 - - [05/Sep/2015:10:54:27 +0000] "GET /all_articles HTTP/1.1" 304 -
::1 - - [05/Sep/2015:10:54:27 +0000] "POST /all_articles/page_articles HTTP/1.1" 200 6245
